{"C:\\Users\\danat\\Desktop\\Programming\\SQR_S\\frontend\\sqr_front\\src\\store.js": {"path":"C:\\Users\\danat\\Desktop\\Programming\\SQR_S\\frontend\\sqr_front\\src\\store.js","statementMap":{"0":{"start":{"line":7,"column":21},"end":{"line":102,"column":2}},"1":{"start":{"line":43,"column":6},"end":{"line":43,"column":30}},"2":{"start":{"line":46,"column":6},"end":{"line":46,"column":30}},"3":{"start":{"line":49,"column":6},"end":{"line":49,"column":38}},"4":{"start":{"line":52,"column":6},"end":{"line":52,"column":30}},"5":{"start":{"line":55,"column":6},"end":{"line":55,"column":31}},"6":{"start":{"line":58,"column":6},"end":{"line":58,"column":34}},"7":{"start":{"line":61,"column":6},"end":{"line":61,"column":32}},"8":{"start":{"line":65,"column":6},"end":{"line":65,"column":29}},"9":{"start":{"line":93,"column":6},"end":{"line":93,"column":35}}},"fnMap":{"0":{"name":"(anonymous_0)","decl":{"start":{"line":42,"column":4},"end":{"line":42,"column":5}},"loc":{"start":{"line":42,"column":33},"end":{"line":44,"column":5}},"line":42},"1":{"name":"(anonymous_1)","decl":{"start":{"line":45,"column":4},"end":{"line":45,"column":5}},"loc":{"start":{"line":45,"column":29},"end":{"line":47,"column":5}},"line":45},"2":{"name":"(anonymous_2)","decl":{"start":{"line":48,"column":4},"end":{"line":48,"column":5}},"loc":{"start":{"line":48,"column":37},"end":{"line":50,"column":5}},"line":48},"3":{"name":"(anonymous_3)","decl":{"start":{"line":51,"column":4},"end":{"line":51,"column":5}},"loc":{"start":{"line":51,"column":19},"end":{"line":53,"column":5}},"line":51},"4":{"name":"(anonymous_4)","decl":{"start":{"line":54,"column":4},"end":{"line":54,"column":5}},"loc":{"start":{"line":54,"column":20},"end":{"line":56,"column":5}},"line":54},"5":{"name":"(anonymous_5)","decl":{"start":{"line":57,"column":4},"end":{"line":57,"column":5}},"loc":{"start":{"line":57,"column":37},"end":{"line":59,"column":5}},"line":57},"6":{"name":"(anonymous_6)","decl":{"start":{"line":60,"column":4},"end":{"line":60,"column":5}},"loc":{"start":{"line":60,"column":35},"end":{"line":62,"column":5}},"line":60},"7":{"name":"(anonymous_7)","decl":{"start":{"line":64,"column":4},"end":{"line":64,"column":5}},"loc":{"start":{"line":64,"column":29},"end":{"line":66,"column":5}},"line":64},"8":{"name":"(anonymous_8)","decl":{"start":{"line":92,"column":4},"end":{"line":92,"column":5}},"loc":{"start":{"line":92,"column":32},"end":{"line":100,"column":5}},"line":92}},"branchMap":{},"s":{"0":9,"1":3,"2":3,"3":0,"4":1,"5":0,"6":1,"7":3,"8":0,"9":0},"f":{"0":3,"1":3,"2":0,"3":1,"4":0,"5":1,"6":3,"7":0,"8":0},"b":{},"_coverageSchema":"1a1c01bbd47fc00a2c39e90264f33305004495a9","hash":"5f6e88bbf09b44e7f65ad9ab0f5b304055a29262"}
,"C:\\Users\\danat\\Desktop\\Programming\\SQR_S\\frontend\\sqr_front\\src\\router\\index.js": {"path":"C:\\Users\\danat\\Desktop\\Programming\\SQR_S\\frontend\\sqr_front\\src\\router\\index.js","statementMap":{"0":{"start":{"line":14,"column":15},"end":{"line":67,"column":1}},"1":{"start":{"line":69,"column":15},"end":{"line":72,"column":2}},"2":{"start":{"line":74,"column":0},"end":{"line":93,"column":3}},"3":{"start":{"line":75,"column":19},"end":{"line":75,"column":41}},"4":{"start":{"line":76,"column":2},"end":{"line":80,"column":3}},"5":{"start":{"line":77,"column":4},"end":{"line":79,"column":5}},"6":{"start":{"line":81,"column":2},"end":{"line":92,"column":3}},"7":{"start":{"line":82,"column":4},"end":{"line":91,"column":5}},"8":{"start":{"line":83,"column":6},"end":{"line":85,"column":7}},"9":{"start":{"line":88,"column":6},"end":{"line":90,"column":7}}},"fnMap":{"0":{"name":"(anonymous_0)","decl":{"start":{"line":74,"column":18},"end":{"line":74,"column":19}},"loc":{"start":{"line":74,"column":32},"end":{"line":93,"column":1}},"line":74}},"branchMap":{"0":{"loc":{"start":{"line":76,"column":2},"end":{"line":80,"column":3}},"type":"if","locations":[{"start":{"line":76,"column":2},"end":{"line":80,"column":3}},{"start":{},"end":{}}],"line":76},"1":{"loc":{"start":{"line":76,"column":6},"end":{"line":76,"column":130}},"type":"binary-expr","locations":[{"start":{"line":76,"column":6},"end":{"line":76,"column":17}},{"start":{"line":76,"column":22},"end":{"line":76,"column":44}},{"start":{"line":76,"column":48},"end":{"line":76,"column":72}},{"start":{"line":76,"column":76},"end":{"line":76,"column":99}},{"start":{"line":76,"column":103},"end":{"line":76,"column":129}}],"line":76},"2":{"loc":{"start":{"line":81,"column":2},"end":{"line":92,"column":3}},"type":"if","locations":[{"start":{"line":81,"column":2},"end":{"line":92,"column":3}},{"start":{},"end":{}}],"line":81},"3":{"loc":{"start":{"line":81,"column":6},"end":{"line":81,"column":55}},"type":"binary-expr","locations":[{"start":{"line":81,"column":6},"end":{"line":81,"column":26}},{"start":{"line":81,"column":30},"end":{"line":81,"column":55}}],"line":81},"4":{"loc":{"start":{"line":82,"column":4},"end":{"line":91,"column":5}},"type":"if","locations":[{"start":{"line":82,"column":4},"end":{"line":91,"column":5}},{"start":{"line":87,"column":9},"end":{"line":91,"column":5}}],"line":82}},"s":{"0":2,"1":2,"2":2,"3":2,"4":2,"5":0,"6":2,"7":0,"8":0,"9":0},"f":{"0":2},"b":{"0":[0,2],"1":[2,2,2,2,2],"2":[0,2],"3":[2,2],"4":[0,0]},"_coverageSchema":"1a1c01bbd47fc00a2c39e90264f33305004495a9","hash":"158120dd78099e5496244d5cd6fffe2822b0ee6d"}
,"C:\\Users\\danat\\Desktop\\Programming\\SQR_S\\frontend\\sqr_front\\src\\views\\Home.vue": {"path":"C:\\Users\\danat\\Desktop\\Programming\\SQR_S\\frontend\\sqr_front\\src\\views\\Home.vue","statementMap":{"0":{"start":{"line":9,"column":15},"end":{"line":9,"column":null}},"1":{"start":{"line":12,"column":4},"end":{"line":12,"column":11}}},"fnMap":{"0":{"name":"(anonymous_0)","decl":{"start":{"line":11,"column":2},"end":{"line":11,"column":6}},"loc":{"start":{"line":11,"column":9},"end":{"line":15,"column":null}}}},"branchMap":{},"s":{"0":2,"1":1},"f":{"0":1},"b":{}}
}
