{"C:\\Users\\danat\\Desktop\\Programming\\SQR_S\\frontend\\sqr_front\\src\\main.js": {"path":"C:\\Users\\danat\\Desktop\\Programming\\SQR_S\\frontend\\sqr_front\\src\\main.js","statementMap":{"0":{"start":{"line":7,"column":12},"end":{"line":7,"column":26}},"1":{"start":{"line":8,"column":0},"end":{"line":8,"column":16}},"2":{"start":{"line":9,"column":0},"end":{"line":9,"column":14}},"3":{"start":{"line":10,"column":0},"end":{"line":10,"column":15}},"4":{"start":{"line":11,"column":0},"end":{"line":11,"column":18}}},"fnMap":{},"branchMap":{},"s":{"0":0,"1":0,"2":0,"3":0,"4":0},"f":{},"b":{}}
,"C:\\Users\\danat\\Desktop\\Programming\\SQR_S\\frontend\\sqr_front\\src\\store.js": {"path":"C:\\Users\\danat\\Desktop\\Programming\\SQR_S\\frontend\\sqr_front\\src\\store.js","statementMap":{"0":{"start":{"line":7,"column":21},"end":{"line":96,"column":2}},"1":{"start":{"line":40,"column":6},"end":{"line":40,"column":32}},"2":{"start":{"line":43,"column":6},"end":{"line":43,"column":31}},"3":{"start":{"line":46,"column":6},"end":{"line":46,"column":30}},"4":{"start":{"line":49,"column":6},"end":{"line":49,"column":31}},"5":{"start":{"line":52,"column":6},"end":{"line":52,"column":34}},"6":{"start":{"line":55,"column":6},"end":{"line":55,"column":32}},"7":{"start":{"line":59,"column":6},"end":{"line":59,"column":29}},"8":{"start":{"line":87,"column":6},"end":{"line":87,"column":35}}},"fnMap":{"0":{"name":"(anonymous_0)","decl":{"start":{"line":39,"column":4},"end":{"line":39,"column":5}},"loc":{"start":{"line":39,"column":23},"end":{"line":41,"column":5}},"line":39},"1":{"name":"(anonymous_1)","decl":{"start":{"line":42,"column":4},"end":{"line":42,"column":5}},"loc":{"start":{"line":42,"column":22},"end":{"line":44,"column":5}},"line":42},"2":{"name":"(anonymous_2)","decl":{"start":{"line":45,"column":4},"end":{"line":45,"column":5}},"loc":{"start":{"line":45,"column":19},"end":{"line":47,"column":5}},"line":45},"3":{"name":"(anonymous_3)","decl":{"start":{"line":48,"column":4},"end":{"line":48,"column":5}},"loc":{"start":{"line":48,"column":20},"end":{"line":50,"column":5}},"line":48},"4":{"name":"(anonymous_4)","decl":{"start":{"line":51,"column":4},"end":{"line":51,"column":5}},"loc":{"start":{"line":51,"column":37},"end":{"line":53,"column":5}},"line":51},"5":{"name":"(anonymous_5)","decl":{"start":{"line":54,"column":4},"end":{"line":54,"column":5}},"loc":{"start":{"line":54,"column":35},"end":{"line":56,"column":5}},"line":54},"6":{"name":"(anonymous_6)","decl":{"start":{"line":58,"column":4},"end":{"line":58,"column":5}},"loc":{"start":{"line":58,"column":29},"end":{"line":60,"column":5}},"line":58},"7":{"name":"(anonymous_7)","decl":{"start":{"line":86,"column":4},"end":{"line":86,"column":5}},"loc":{"start":{"line":86,"column":32},"end":{"line":94,"column":5}},"line":86}},"branchMap":{},"s":{"0":5,"1":0,"2":0,"3":1,"4":0,"5":1,"6":2,"7":0,"8":0},"f":{"0":0,"1":0,"2":1,"3":0,"4":1,"5":2,"6":0,"7":0},"b":{},"_coverageSchema":"1a1c01bbd47fc00a2c39e90264f33305004495a9","hash":"9cbdca8b91139aecf520290078bba73582fac7df"}
,"C:\\Users\\danat\\Desktop\\Programming\\SQR_S\\frontend\\sqr_front\\src\\router\\index.js": {"path":"C:\\Users\\danat\\Desktop\\Programming\\SQR_S\\frontend\\sqr_front\\src\\router\\index.js","statementMap":{"0":{"start":{"line":14,"column":15},"end":{"line":67,"column":1}},"1":{"start":{"line":69,"column":15},"end":{"line":72,"column":2}},"2":{"start":{"line":74,"column":0},"end":{"line":81,"column":3}},"3":{"start":{"line":75,"column":19},"end":{"line":75,"column":41}},"4":{"start":{"line":76,"column":2},"end":{"line":80,"column":3}},"5":{"start":{"line":77,"column":4},"end":{"line":79,"column":5}}},"fnMap":{"0":{"name":"(anonymous_0)","decl":{"start":{"line":74,"column":18},"end":{"line":74,"column":19}},"loc":{"start":{"line":74,"column":32},"end":{"line":81,"column":1}},"line":74}},"branchMap":{"0":{"loc":{"start":{"line":76,"column":2},"end":{"line":80,"column":3}},"type":"if","locations":[{"start":{"line":76,"column":2},"end":{"line":80,"column":3}},{"start":{},"end":{}}],"line":76},"1":{"loc":{"start":{"line":76,"column":6},"end":{"line":76,"column":130}},"type":"binary-expr","locations":[{"start":{"line":76,"column":6},"end":{"line":76,"column":17}},{"start":{"line":76,"column":22},"end":{"line":76,"column":44}},{"start":{"line":76,"column":48},"end":{"line":76,"column":72}},{"start":{"line":76,"column":76},"end":{"line":76,"column":99}},{"start":{"line":76,"column":103},"end":{"line":76,"column":129}}],"line":76}},"s":{"0":0,"1":0,"2":0,"3":0,"4":0,"5":0},"f":{"0":0},"b":{"0":[0,0],"1":[0,0,0,0,0]}}
,"C:\\Users\\danat\\Desktop\\Programming\\SQR_S\\frontend\\sqr_front\\src\\views\\Home.vue": {"path":"C:\\Users\\danat\\Desktop\\Programming\\SQR_S\\frontend\\sqr_front\\src\\views\\Home.vue","statementMap":{"0":{"start":{"line":9,"column":15},"end":{"line":9,"column":null}},"1":{"start":{"line":12,"column":4},"end":{"line":12,"column":11}}},"fnMap":{"0":{"name":"(anonymous_0)","decl":{"start":{"line":11,"column":2},"end":{"line":11,"column":6}},"loc":{"start":{"line":11,"column":9},"end":{"line":15,"column":null}}}},"branchMap":{},"s":{"0":0,"1":0},"f":{"0":0},"b":{}}
}
