TN:
SF:src\store.js
FN:42,(anonymous_0)
FN:45,(anonymous_1)
FN:48,(anonymous_2)
FN:51,(anonymous_3)
FN:54,(anonymous_4)
FN:57,(anonymous_5)
FN:60,(anonymous_6)
FN:64,(anonymous_7)
FN:92,(anonymous_8)
FNF:9
FNH:5
FNDA:3,(anonymous_0)
FNDA:3,(anonymous_1)
FNDA:0,(anonymous_2)
FNDA:1,(anonymous_3)
FNDA:0,(anonymous_4)
FNDA:1,(anonymous_5)
FNDA:3,(anonymous_6)
FNDA:0,(anonymous_7)
FNDA:0,(anonymous_8)
DA:7,9
DA:43,3
DA:46,3
DA:49,0
DA:52,1
DA:55,0
DA:58,1
DA:61,3
DA:65,0
DA:93,0
LF:10
LH:6
BRF:0
BRH:0
end_of_record
TN:
SF:src\router\index.js
FN:74,(anonymous_0)
FNF:1
FNH:1
FNDA:2,(anonymous_0)
DA:14,2
DA:69,2
DA:74,2
DA:75,2
DA:76,2
DA:77,0
DA:81,2
DA:82,0
DA:83,0
DA:88,0
LF:10
LH:6
BRDA:76,0,0,0
BRDA:76,0,1,2
BRDA:76,1,0,2
BRDA:76,1,1,2
BRDA:76,1,2,2
BRDA:76,1,3,2
BRDA:76,1,4,2
BRDA:81,2,0,0
BRDA:81,2,1,2
BRDA:81,3,0,2
BRDA:81,3,1,2
BRDA:82,4,0,0
BRDA:82,4,1,0
BRF:13
BRH:9
end_of_record
TN:
SF:src\views\Home.vue
FN:11,(anonymous_0)
FNF:1
FNH:1
FNDA:1,(anonymous_0)
DA:9,2
DA:12,1
LF:2
LH:2
BRF:0
BRH:0
end_of_record
