TN:
SF:src\main.js
FNF:0
FNH:0
DA:7,0
DA:8,0
DA:9,0
DA:10,0
DA:11,0
LF:5
LH:0
BRF:0
BRH:0
end_of_record
TN:
SF:src\store.js
FN:39,(anonymous_0)
FN:42,(anonymous_1)
FN:45,(anonymous_2)
FN:48,(anonymous_3)
FN:51,(anonymous_4)
FN:54,(anonymous_5)
FN:58,(anonymous_6)
FN:86,(anonymous_7)
FNF:8
FNH:3
FNDA:0,(anonymous_0)
FNDA:0,(anonymous_1)
FNDA:1,(anonymous_2)
FNDA:0,(anonymous_3)
FNDA:1,(anonymous_4)
FNDA:2,(anonymous_5)
FNDA:0,(anonymous_6)
FNDA:0,(anonymous_7)
DA:7,5
DA:40,0
DA:43,0
DA:46,1
DA:49,0
DA:52,1
DA:55,2
DA:59,0
DA:87,0
LF:9
LH:4
BRF:0
BRH:0
end_of_record
TN:
SF:src\router\index.js
FN:74,(anonymous_0)
FNF:1
FNH:0
FNDA:0,(anonymous_0)
DA:14,0
DA:69,0
DA:74,0
DA:75,0
DA:76,0
DA:77,0
LF:6
LH:0
BRDA:76,0,0,0
BRDA:76,0,1,0
BRDA:76,1,0,0
BRDA:76,1,1,0
BRDA:76,1,2,0
BRDA:76,1,3,0
BRDA:76,1,4,0
BRF:7
BRH:0
end_of_record
TN:
SF:src\views\Home.vue
FN:11,(anonymous_0)
FNF:1
FNH:0
FNDA:0,(anonymous_0)
DA:9,0
DA:12,0
LF:2
LH:0
BRF:0
BRH:0
end_of_record
